{
  "RSpec": {
    "coverage": {
      "/Users/peter/Dropbox/launchacademy/projects/learn_from_me/app/models/user.rb": [
        1,
        1,
        1,
        null,
        null,
        null,
        1,
        null,
        null
      ],
      "/Users/peter/Dropbox/launchacademy/projects/learn_from_me/app/helpers/application_helper.rb": [
        1,
        null
      ],
      "/Users/peter/Dropbox/launchacademy/projects/learn_from_me/app/models/subject.rb": [
        1,
        1,
        null,
        1,
        1,
        null
      ],
      "/Users/peter/Dropbox/launchacademy/projects/learn_from_me/app/models/level.rb": [
        1,
        1,
        null,
        1,
        1,
        null
      ],
      "/Users/peter/Dropbox/launchacademy/projects/learn_from_me/app/controllers/application_controller.rb": [
        1,
        null,
        null,
        1,
        null,
        1,
        null,
        1,
        null,
        1,
        40,
        null,
        null
      ],
      "/Users/peter/Dropbox/launchacademy/projects/learn_from_me/app/controllers/welcome_controller.rb": [
        1,
        1,
        20,
        null,
        null
      ],
      "/Users/peter/Dropbox/launchacademy/projects/learn_from_me/app/models/course.rb": [
        1,
        1,
        1,
        1,
        1,
        null,
        1,
        1,
        null,
        1,
        0,
        0,
        null,
        0,
        null,
        null,
        null
      ],
      "/Users/peter/Dropbox/launchacademy/projects/learn_from_me/app/controllers/courses_controller.rb": [
        1,
        1,
        null,
        1,
        0,
        null,
        null,
        1,
        8,
        null,
        null,
        1,
        8,
        null,
        null,
        1,
        8,
        8,
        null,
        8,
        2,
        null,
        6,
        null,
        null,
        null,
        1,
        4,
        null,
        null,
        1,
        4,
        null,
        4,
        1,
        null,
        3,
        null,
        null,
        null,
        1,
        1,
        null,
        1,
        null,
        1,
        null,
        null,
        1,
        null,
        1,
        12,
        null,
        null
      ],
      "/Users/peter/Dropbox/launchacademy/projects/learn_from_me/app/models/review.rb": [
        1,
        1,
        1,
        null,
        1,
        1,
        null,
        null,
        null,
        null,
        null,
        null,
        null
      ],
      "/Users/peter/Dropbox/launchacademy/projects/learn_from_me/app/controllers/subjects_controller.rb": [
        1,
        1,
        1,
        null,
        null,
        1,
        0,
        0,
        null,
        null
      ],
      "/Users/peter/Dropbox/launchacademy/projects/learn_from_me/app/controllers/reviews_controller.rb": [
        1,
        1,
        null,
        1,
        4,
        4,
        null,
        null,
        1,
        4,
        4,
        4,
        null,
        4,
        1,
        null,
        3,
        null,
        null,
        null,
        1,
        2,
        2,
        null,
        null,
        1,
        2,
        2,
        null,
        2,
        1,
        null,
        1,
        null,
        null,
        null,
        1,
        1,
        1,
        null,
        1,
        null,
        1,
        null,
        null,
        1,
        null,
        1,
        6,
        null,
        null,
        1,
        13,
        59,
        13,
        null,
        null,
        null,
        null,
        null,
        null
      ]
    },
    "timestamp": 1416178632
  }
}
